2025-06-03 01:49:48,305 INFO: Logging setup complete
2025-06-03 01:49:48,306 INFO: ISS Crawler instance created.
2025-06-03 01:49:48,320 INFO: InfluxDB Writer instance created.
2025-06-03 01:49:48,320 INFO: Starting ISS data crawler.
2025-06-03 01:50:00,326 INFO: Wakeup time: 2025-06-03 01:50:00
2025-06-03 01:50:11,892 INFO: API request was successful with status code: 200
2025-06-03 01:50:11,892 INFO: API response content is: {'iss_position': {'longitude': '-10.0221', 'latitude': '-40.0888'}, 'message': 'success', 'timestamp': 1748908211}
2025-06-03 01:50:11,895 INFO: API response is valid according to the JSON schema.
2025-06-03 01:50:11,895 INFO: API response message is 'success'.
2025-06-03 01:50:11,896 INFO: Successfully fetched, validated and converted ISS data.
2025-06-03 01:50:11,897 INFO: Final data to be written to InfluxDB: iss_position_measurement,source=open-notify.org latitude=-40.0888,longitude=-10.0221 1748908211000000000
2025-06-03 01:50:12,102 INFO: Data successfully written to InfluxDB.
2025-06-03 01:51:00,114 INFO: Wakeup time: 2025-06-03 01:51:00
2025-06-03 01:51:00,477 INFO: API request was successful with status code: 200
2025-06-03 01:51:00,477 INFO: API response content is: {'iss_position': {'longitude': '-6.8105', 'latitude': '-41.8710'}, 'message': 'success', 'timestamp': 1748908260}
2025-06-03 01:51:00,480 INFO: API response is valid according to the JSON schema.
2025-06-03 01:51:00,480 INFO: API response message is 'success'.
2025-06-03 01:51:00,480 INFO: Successfully fetched, validated and converted ISS data.
2025-06-03 01:51:00,481 INFO: Final data to be written to InfluxDB: iss_position_measurement,source=open-notify.org latitude=-41.871,longitude=-6.8105 1748908260000000000
2025-06-03 01:51:00,493 INFO: Data successfully written to InfluxDB.
2025-06-03 01:52:00,508 INFO: Wakeup time: 2025-06-03 01:52:00
2025-06-03 01:52:00,874 INFO: API request was successful with status code: 200
2025-06-03 01:52:00,875 INFO: API response content is: {'iss_position': {'longitude': '-2.5374', 'latitude': '-43.9425'}, 'message': 'success', 'timestamp': 1748908320}
2025-06-03 01:52:00,877 INFO: API response is valid according to the JSON schema.
2025-06-03 01:52:00,878 INFO: API response message is 'success'.
2025-06-03 01:52:00,878 INFO: Successfully fetched, validated and converted ISS data.
2025-06-03 01:52:00,878 INFO: Final data to be written to InfluxDB: iss_position_measurement,source=open-notify.org latitude=-43.9425,longitude=-2.5374 1748908320000000000
2025-06-03 01:52:00,893 INFO: Data successfully written to InfluxDB.
2025-06-03 01:53:00,908 INFO: Wakeup time: 2025-06-03 01:53:00
2025-06-03 01:53:01,269 INFO: API request was successful with status code: 200
2025-06-03 01:53:01,269 INFO: API response content is: {'iss_position': {'longitude': '2.0072', 'latitude': '-45.8077'}, 'message': 'success', 'timestamp': 1748908380}
2025-06-03 01:53:01,272 INFO: API response is valid according to the JSON schema.
2025-06-03 01:53:01,272 INFO: API response message is 'success'.
2025-06-03 01:53:01,273 INFO: Successfully fetched, validated and converted ISS data.
2025-06-03 01:53:01,273 INFO: Final data to be written to InfluxDB: iss_position_measurement,source=open-notify.org latitude=-45.8077,longitude=2.0072 1748908380000000000
2025-06-03 01:53:01,286 INFO: Data successfully written to InfluxDB.
2025-06-03 01:54:00,303 INFO: Wakeup time: 2025-06-03 01:54:00
2025-06-03 01:54:01,715 INFO: API request was successful with status code: 200
2025-06-03 01:54:01,716 INFO: API response content is: {'iss_position': {'longitude': '6.9056', 'latitude': '-47.4713'}, 'message': 'success', 'timestamp': 1748908441}
2025-06-03 01:54:01,718 INFO: API response is valid according to the JSON schema.
2025-06-03 01:54:01,719 INFO: API response message is 'success'.
2025-06-03 01:54:01,719 INFO: Successfully fetched, validated and converted ISS data.
2025-06-03 01:54:01,719 INFO: Final data to be written to InfluxDB: iss_position_measurement,source=open-notify.org latitude=-47.4713,longitude=6.9056 1748908441000000000
2025-06-03 01:54:01,734 INFO: Data successfully written to InfluxDB.
2025-06-03 01:55:00,748 INFO: Wakeup time: 2025-06-03 01:55:00
2025-06-03 01:55:01,114 INFO: API request was successful with status code: 200
2025-06-03 01:55:01,114 INFO: API response content is: {'iss_position': {'longitude': '12.0261', 'latitude': '-48.8681'}, 'message': 'success', 'timestamp': 1748908500}
2025-06-03 01:55:01,117 INFO: API response is valid according to the JSON schema.
2025-06-03 01:55:01,117 INFO: API response message is 'success'.
2025-06-03 01:55:01,117 INFO: Successfully fetched, validated and converted ISS data.
2025-06-03 01:55:01,118 INFO: Final data to be written to InfluxDB: iss_position_measurement,source=open-notify.org latitude=-48.8681,longitude=12.0261 1748908500000000000
2025-06-03 01:55:01,133 INFO: Data successfully written to InfluxDB.
2025-06-03 01:56:00,148 INFO: Wakeup time: 2025-06-03 01:56:00
2025-06-03 01:58:16,153 ERROR: Failed to fetch ISS data from API: HTTPConnectionPool(host='api.open-notify.org', port=80): Max retries exceeded with url: /iss-now.json (Caused by ConnectTimeoutError(<urllib3.connection.HTTPConnection object at 0x7b8a96c99970>, 'Connection to api.open-notify.org timed out. (connect timeout=None)'))
2025-06-03 01:58:16,153 ERROR: Failed to fetch or validate ISS data.
2025-06-03 01:58:16,523 INFO: API request was successful with status code: 200
2025-06-03 01:58:16,523 INFO: API response content is: {'iss_position': {'longitude': '30.5068', 'latitude': '-51.4841'}, 'message': 'success', 'timestamp': 1748908696}
2025-06-03 01:58:16,526 INFO: API response is valid according to the JSON schema.
2025-06-03 01:58:16,526 INFO: API response message is 'success'.
2025-06-03 01:58:16,526 INFO: Successfully fetched, validated and converted ISS data.
2025-06-03 01:58:16,527 INFO: Final data to be written to InfluxDB: iss_position_measurement,source=open-notify.org latitude=-51.4841,longitude=30.5068 1748908696000000000
2025-06-03 01:58:16,576 INFO: Data successfully written to InfluxDB.
2025-06-03 01:59:00,587 INFO: Wakeup time: 2025-06-03 01:59:00
2025-06-03 01:59:00,952 INFO: API request was successful with status code: 200
2025-06-03 01:59:00,953 INFO: API response content is: {'iss_position': {'longitude': '34.9376', 'latitude': '-51.6136'}, 'message': 'success', 'timestamp': 1748908740}
2025-06-03 01:59:00,955 INFO: API response is valid according to the JSON schema.
2025-06-03 01:59:00,955 INFO: API response message is 'success'.
2025-06-03 01:59:00,956 INFO: Successfully fetched, validated and converted ISS data.
2025-06-03 01:59:00,956 INFO: Final data to be written to InfluxDB: iss_position_measurement,source=open-notify.org latitude=-51.6136,longitude=34.9376 1748908740000000000
2025-06-03 01:59:00,971 INFO: Data successfully written to InfluxDB.
2025-06-03 02:00:00,986 INFO: Wakeup time: 2025-06-03 02:00:00
2025-06-03 02:00:01,352 INFO: API request was successful with status code: 200
2025-06-03 02:00:01,352 INFO: API response content is: {'iss_position': {'longitude': '40.9169', 'latitude': '-51.5003'}, 'message': 'success', 'timestamp': 1748908800}
2025-06-03 02:00:01,355 INFO: API response is valid according to the JSON schema.
2025-06-03 02:00:01,355 INFO: API response message is 'success'.
2025-06-03 02:00:01,355 INFO: Successfully fetched, validated and converted ISS data.
2025-06-03 02:00:01,356 INFO: Final data to be written to InfluxDB: iss_position_measurement,source=open-notify.org latitude=-51.5003,longitude=40.9169 1748908800000000000
2025-06-03 02:00:01,368 INFO: Data successfully written to InfluxDB.
2025-06-03 02:01:00,383 INFO: Wakeup time: 2025-06-03 02:01:00
2025-06-03 02:01:00,749 INFO: API request was successful with status code: 200
2025-06-03 02:01:00,749 INFO: API response content is: {'timestamp': 1748908860, 'message': 'success', 'iss_position': {'longitude': '46.7450', 'latitude': '-51.0676'}}
2025-06-03 02:01:00,752 INFO: API response is valid according to the JSON schema.
2025-06-03 02:01:00,752 INFO: API response message is 'success'.
2025-06-03 02:01:00,752 INFO: Successfully fetched, validated and converted ISS data.
2025-06-03 02:01:00,753 INFO: Final data to be written to InfluxDB: iss_position_measurement,source=open-notify.org latitude=-51.0676,longitude=46.745 1748908860000000000
2025-06-03 02:01:00,765 INFO: Data successfully written to InfluxDB.
2025-06-03 02:02:00,780 INFO: Wakeup time: 2025-06-03 02:02:00
2025-06-03 02:02:12,340 INFO: API request was successful with status code: 200
2025-06-03 02:02:12,341 INFO: API response content is: {'timestamp': 1748908931, 'message': 'success', 'iss_position': {'longitude': '53.5729', 'latitude': '-50.1359'}}
2025-06-03 02:02:12,343 INFO: API response is valid according to the JSON schema.
2025-06-03 02:02:12,344 INFO: API response message is 'success'.
2025-06-03 02:02:12,344 INFO: Successfully fetched, validated and converted ISS data.
2025-06-03 02:02:12,344 INFO: Final data to be written to InfluxDB: iss_position_measurement,source=open-notify.org latitude=-50.1359,longitude=53.5729 1748908931000000000
2025-06-03 02:02:12,356 INFO: Data successfully written to InfluxDB.
2025-06-03 02:03:00,368 INFO: Wakeup time: 2025-06-03 02:03:00
2025-06-03 02:03:11,923 INFO: API request was successful with status code: 200
2025-06-03 02:03:11,924 INFO: API response content is: {'timestamp': 1748908991, 'message': 'success', 'iss_position': {'longitude': '59.0059', 'latitude': '-49.0406'}}
2025-06-03 02:03:11,926 INFO: API response is valid according to the JSON schema.
2025-06-03 02:03:11,927 INFO: API response message is 'success'.
2025-06-03 02:03:11,927 INFO: Successfully fetched, validated and converted ISS data.
2025-06-03 02:03:11,927 INFO: Final data to be written to InfluxDB: iss_position_measurement,source=open-notify.org latitude=-49.0406,longitude=59.0059 1748908991000000000
2025-06-03 02:03:11,939 INFO: Data successfully written to InfluxDB.
2025-06-03 02:04:00,952 INFO: Wakeup time: 2025-06-03 02:04:00
2025-06-03 02:04:01,322 INFO: API request was successful with status code: 200
2025-06-03 02:04:01,323 INFO: API response content is: {'timestamp': 1748909040, 'message': 'success', 'iss_position': {'longitude': '63.3182', 'latitude': '-47.9254'}}
2025-06-03 02:04:01,325 INFO: API response is valid according to the JSON schema.
2025-06-03 02:04:01,325 INFO: API response message is 'success'.
2025-06-03 02:04:01,326 INFO: Successfully fetched, validated and converted ISS data.
2025-06-03 02:04:01,326 INFO: Final data to be written to InfluxDB: iss_position_measurement,source=open-notify.org latitude=-47.9254,longitude=63.3182 1748909040000000000
2025-06-03 02:04:01,341 INFO: Data successfully written to InfluxDB.
2025-06-03 02:05:00,356 INFO: Wakeup time: 2025-06-03 02:05:00
2025-06-03 02:05:11,926 INFO: API request was successful with status code: 200
2025-06-03 02:05:11,926 INFO: API response content is: {'timestamp': 1748909111, 'message': 'success', 'iss_position': {'longitude': '69.1049', 'latitude': '-46.0476'}}
2025-06-03 02:05:11,929 INFO: API response is valid according to the JSON schema.
2025-06-03 02:05:11,929 INFO: API response message is 'success'.
2025-06-03 02:05:11,929 INFO: Successfully fetched, validated and converted ISS data.
2025-06-03 02:05:11,930 INFO: Final data to be written to InfluxDB: iss_position_measurement,source=open-notify.org latitude=-46.0476,longitude=69.1049 1748909111000000000
2025-06-03 02:05:11,944 INFO: Data successfully written to InfluxDB.
2025-06-03 02:06:00,957 INFO: Wakeup time: 2025-06-03 02:06:00
2025-06-03 02:08:14,169 ERROR: Failed to fetch ISS data from API: HTTPConnectionPool(host='api.open-notify.org', port=80): Max retries exceeded with url: /iss-now.json (Caused by ConnectTimeoutError(<urllib3.connection.HTTPConnection object at 0x7b8a95c96a20>, 'Connection to api.open-notify.org timed out. (connect timeout=None)'))
2025-06-03 02:08:14,169 ERROR: Failed to fetch or validate ISS data.
2025-06-03 02:08:14,531 INFO: API request was successful with status code: 200
2025-06-03 02:08:14,531 INFO: API response content is: {'timestamp': 1748909294, 'message': 'success', 'iss_position': {'longitude': '82.1154', 'latitude': '-39.8919'}}
2025-06-03 02:08:14,534 INFO: API response is valid according to the JSON schema.
2025-06-03 02:08:14,534 INFO: API response message is 'success'.
2025-06-03 02:08:14,535 INFO: Successfully fetched, validated and converted ISS data.
2025-06-03 02:08:14,535 INFO: Final data to be written to InfluxDB: iss_position_measurement,source=open-notify.org latitude=-39.8919,longitude=82.1154 1748909294000000000
2025-06-03 02:08:14,581 INFO: Data successfully written to InfluxDB.
2025-06-03 02:09:00,593 INFO: Wakeup time: 2025-06-03 02:09:00
2025-06-03 02:09:02,006 INFO: API request was successful with status code: 200
2025-06-03 02:09:02,006 INFO: API response content is: {'timestamp': 1748909341, 'message': 'success', 'iss_position': {'longitude': '85.0379', 'latitude': '-38.0653'}}
2025-06-03 02:09:02,009 INFO: API response is valid according to the JSON schema.
2025-06-03 02:09:02,009 INFO: API response message is 'success'.
2025-06-03 02:09:02,009 INFO: Successfully fetched, validated and converted ISS data.
2025-06-03 02:09:02,010 INFO: Final data to be written to InfluxDB: iss_position_measurement,source=open-notify.org latitude=-38.0653,longitude=85.0379 1748909341000000000
2025-06-03 02:09:02,025 INFO: Data successfully written to InfluxDB.
2025-06-03 02:10:00,039 INFO: Wakeup time: 2025-06-03 02:10:00
2025-06-03 02:10:03,656 INFO: API request was successful with status code: 200
2025-06-03 02:10:03,656 INFO: API response content is: {'timestamp': 1748909403, 'message': 'success', 'iss_position': {'longitude': '88.6581', 'latitude': '-35.5368'}}
2025-06-03 02:10:03,659 INFO: API response is valid according to the JSON schema.
2025-06-03 02:10:03,659 INFO: API response message is 'success'.
2025-06-03 02:10:03,659 INFO: Successfully fetched, validated and converted ISS data.
2025-06-03 02:10:03,660 INFO: Final data to be written to InfluxDB: iss_position_measurement,source=open-notify.org latitude=-35.5368,longitude=88.6581 1748909403000000000
2025-06-03 02:10:03,673 INFO: Data successfully written to InfluxDB.
2025-06-03 02:11:00,687 INFO: Wakeup time: 2025-06-03 02:11:00
2025-06-03 02:11:01,061 INFO: API request was successful with status code: 200
2025-06-03 02:11:01,062 INFO: API response content is: {'timestamp': 1748909460, 'message': 'success', 'iss_position': {'longitude': '91.7717', 'latitude': '-33.1088'}}
2025-06-03 02:11:01,064 INFO: API response is valid according to the JSON schema.
2025-06-03 02:11:01,065 INFO: API response message is 'success'.
2025-06-03 02:11:01,065 INFO: Successfully fetched, validated and converted ISS data.
2025-06-03 02:11:01,065 INFO: Final data to be written to InfluxDB: iss_position_measurement,source=open-notify.org latitude=-33.1088,longitude=91.7717 1748909460000000000
2025-06-03 02:11:01,077 INFO: Data successfully written to InfluxDB.
2025-06-03 02:12:00,091 INFO: Wakeup time: 2025-06-03 02:12:00
2025-06-03 02:12:00,455 INFO: API request was successful with status code: 200
2025-06-03 02:12:00,455 INFO: API response content is: {'timestamp': 1748909520, 'message': 'success', 'iss_position': {'longitude': '94.8266', 'latitude': '-30.4835'}}
2025-06-03 02:12:00,457 INFO: API response is valid according to the JSON schema.
2025-06-03 02:12:00,458 INFO: API response message is 'success'.
2025-06-03 02:12:00,458 INFO: Successfully fetched, validated and converted ISS data.
2025-06-03 02:12:00,459 INFO: Final data to be written to InfluxDB: iss_position_measurement,source=open-notify.org latitude=-30.4835,longitude=94.8266 1748909520000000000
2025-06-03 02:12:00,470 INFO: Data successfully written to InfluxDB.
2025-06-03 02:13:00,484 INFO: Wakeup time: 2025-06-03 02:13:00
2025-06-03 02:13:00,853 INFO: API request was successful with status code: 200
2025-06-03 02:13:00,854 INFO: API response content is: {'timestamp': 1748909580, 'message': 'success', 'iss_position': {'longitude': '97.7291', 'latitude': '-27.7559'}}
2025-06-03 02:13:00,856 INFO: API response is valid according to the JSON schema.
2025-06-03 02:13:00,856 INFO: API response message is 'success'.
2025-06-03 02:13:00,857 INFO: Successfully fetched, validated and converted ISS data.
2025-06-03 02:13:00,857 INFO: Final data to be written to InfluxDB: iss_position_measurement,source=open-notify.org latitude=-27.7559,longitude=97.7291 1748909580000000000
2025-06-03 02:13:00,869 INFO: Data successfully written to InfluxDB.
2025-06-03 02:14:00,884 INFO: Wakeup time: 2025-06-03 02:14:00
2025-06-03 02:14:05,363 INFO: API request was successful with status code: 200
2025-06-03 02:14:05,364 INFO: API response content is: {'timestamp': 1748909644, 'message': 'success', 'iss_position': {'longitude': '100.6757', 'latitude': '-24.7479'}}
2025-06-03 02:14:05,366 INFO: API response is valid according to the JSON schema.
2025-06-03 02:14:05,366 INFO: API response message is 'success'.
2025-06-03 02:14:05,367 INFO: Successfully fetched, validated and converted ISS data.
2025-06-03 02:14:05,367 INFO: Final data to be written to InfluxDB: iss_position_measurement,source=open-notify.org latitude=-24.7479,longitude=100.6757 1748909644000000000
2025-06-03 02:14:05,379 INFO: Data successfully written to InfluxDB.
2025-06-03 02:15:00,393 INFO: Wakeup time: 2025-06-03 02:15:00
2025-06-03 02:17:14,841 ERROR: Failed to fetch ISS data from API: HTTPConnectionPool(host='api.open-notify.org', port=80): Max retries exceeded with url: /iss-now.json (Caused by ConnectTimeoutError(<urllib3.connection.HTTPConnection object at 0x7b8a95cb10d0>, 'Connection to api.open-notify.org timed out. (connect timeout=None)'))
2025-06-03 02:17:14,841 ERROR: Failed to fetch or validate ISS data.
2025-06-03 02:17:15,203 INFO: API request was successful with status code: 200
2025-06-03 02:17:15,204 INFO: API response content is: {'timestamp': 1748909834, 'message': 'success', 'iss_position': {'longitude': '108.5356', 'latitude': '-15.5708'}}
2025-06-03 02:17:15,206 INFO: API response is valid according to the JSON schema.
2025-06-03 02:17:15,206 INFO: API response message is 'success'.
2025-06-03 02:17:15,206 INFO: Successfully fetched, validated and converted ISS data.
2025-06-03 02:17:15,207 INFO: Final data to be written to InfluxDB: iss_position_measurement,source=open-notify.org latitude=-15.5708,longitude=108.5356 1748909834000000000
2025-06-03 02:17:15,255 INFO: Data successfully written to InfluxDB.
2025-06-03 02:18:00,266 INFO: Wakeup time: 2025-06-03 02:18:00
2025-06-03 02:18:00,635 INFO: API request was successful with status code: 200
2025-06-03 02:18:00,635 INFO: API response content is: {'timestamp': 1748909880, 'message': 'success', 'iss_position': {'longitude': '110.2913', 'latitude': '-13.3127'}}
2025-06-03 02:18:00,638 INFO: API response is valid according to the JSON schema.
2025-06-03 02:18:00,638 INFO: API response message is 'success'.
2025-06-03 02:18:00,638 INFO: Successfully fetched, validated and converted ISS data.
2025-06-03 02:18:00,639 INFO: Final data to be written to InfluxDB: iss_position_measurement,source=open-notify.org latitude=-13.3127,longitude=110.2913 1748909880000000000
2025-06-03 02:18:00,650 INFO: Data successfully written to InfluxDB.
2025-06-03 02:19:00,666 INFO: Wakeup time: 2025-06-03 02:19:00
2025-06-03 02:19:12,242 INFO: API request was successful with status code: 200
2025-06-03 02:19:12,243 INFO: API response content is: {'timestamp': 1748909951, 'message': 'success', 'iss_position': {'longitude': '112.9801', 'latitude': '-9.7353'}}
2025-06-03 02:19:12,245 INFO: API response is valid according to the JSON schema.
2025-06-03 02:19:12,245 INFO: API response message is 'success'.
2025-06-03 02:19:12,246 INFO: Successfully fetched, validated and converted ISS data.
2025-06-03 02:19:12,246 INFO: Final data to be written to InfluxDB: iss_position_measurement,source=open-notify.org latitude=-9.7353,longitude=112.9801 1748909951000000000
2025-06-03 02:19:12,258 INFO: Data successfully written to InfluxDB.
2025-06-03 02:20:00,270 INFO: Wakeup time: 2025-06-03 02:20:00
2025-06-03 02:20:01,654 INFO: API request was successful with status code: 200
2025-06-03 02:20:01,654 INFO: API response content is: {'timestamp': 1748910001, 'message': 'success', 'iss_position': {'longitude': '114.8031', 'latitude': '-7.2428'}}
2025-06-03 02:20:01,657 INFO: API response is valid according to the JSON schema.
2025-06-03 02:20:01,657 INFO: API response message is 'success'.
2025-06-03 02:20:01,658 INFO: Successfully fetched, validated and converted ISS data.
2025-06-03 02:20:01,658 INFO: Final data to be written to InfluxDB: iss_position_measurement,source=open-notify.org latitude=-7.2428,longitude=114.8031 1748910001000000000
2025-06-03 02:20:01,671 INFO: Data successfully written to InfluxDB.
2025-06-03 02:21:00,685 INFO: Wakeup time: 2025-06-03 02:21:00
2025-06-03 02:21:05,139 INFO: API request was successful with status code: 200
2025-06-03 02:21:05,140 INFO: API response content is: {'timestamp': 1748910064, 'message': 'success', 'iss_position': {'longitude': '117.0922', 'latitude': '-4.0577'}}
2025-06-03 02:21:05,142 INFO: API response is valid according to the JSON schema.
2025-06-03 02:21:05,142 INFO: API response message is 'success'.
2025-06-03 02:21:05,143 INFO: Successfully fetched, validated and converted ISS data.
2025-06-03 02:21:05,143 INFO: Final data to be written to InfluxDB: iss_position_measurement,source=open-notify.org latitude=-4.0577,longitude=117.0922 1748910064000000000
2025-06-03 02:21:05,159 INFO: Data successfully written to InfluxDB.
2025-06-03 02:22:00,172 INFO: Wakeup time: 2025-06-03 02:22:00
2025-06-03 02:22:00,536 INFO: API request was successful with status code: 200
2025-06-03 02:22:00,536 INFO: API response content is: {'timestamp': 1748910120, 'message': 'success', 'iss_position': {'longitude': '119.0919', 'latitude': '-1.2445'}}
2025-06-03 02:22:00,539 INFO: API response is valid according to the JSON schema.
2025-06-03 02:22:00,539 INFO: API response message is 'success'.
2025-06-03 02:22:00,539 INFO: Successfully fetched, validated and converted ISS data.
2025-06-03 02:22:00,540 INFO: Final data to be written to InfluxDB: iss_position_measurement,source=open-notify.org latitude=-1.2445,longitude=119.0919 1748910120000000000
2025-06-03 02:22:00,552 INFO: Data successfully written to InfluxDB.
2025-06-03 02:23:00,567 INFO: Wakeup time: 2025-06-03 02:23:00
2025-06-03 02:23:00,942 INFO: API request was successful with status code: 200
2025-06-03 02:23:00,942 INFO: API response content is: {'timestamp': 1748910180, 'message': 'success', 'iss_position': {'longitude': '121.2669', 'latitude': '1.8244'}}
2025-06-03 02:23:00,945 INFO: API response is valid according to the JSON schema.
2025-06-03 02:23:00,945 INFO: API response message is 'success'.
2025-06-03 02:23:00,945 INFO: Successfully fetched, validated and converted ISS data.
2025-06-03 02:23:00,946 INFO: Final data to be written to InfluxDB: iss_position_measurement,source=open-notify.org latitude=1.8244,longitude=121.2669 1748910180000000000
2025-06-03 02:23:00,960 INFO: Data successfully written to InfluxDB.
2025-06-03 02:24:00,975 INFO: Wakeup time: 2025-06-03 02:24:00
2025-06-03 02:24:01,340 INFO: API request was successful with status code: 200
2025-06-03 02:24:01,340 INFO: API response content is: {'timestamp': 1748910240, 'message': 'success', 'iss_position': {'longitude': '123.4324', 'latitude': '4.8649'}}
2025-06-03 02:24:01,343 INFO: API response is valid according to the JSON schema.
2025-06-03 02:24:01,343 INFO: API response message is 'success'.
2025-06-03 02:24:01,343 INFO: Successfully fetched, validated and converted ISS data.
2025-06-03 02:24:01,344 INFO: Final data to be written to InfluxDB: iss_position_measurement,source=open-notify.org latitude=4.8649,longitude=123.4324 1748910240000000000
2025-06-03 02:24:01,357 INFO: Data successfully written to InfluxDB.
2025-06-03 02:25:00,372 INFO: Wakeup time: 2025-06-03 02:25:00
2025-06-03 02:25:00,736 INFO: API request was successful with status code: 200
2025-06-03 02:25:00,736 INFO: API response content is: {'timestamp': 1748910300, 'message': 'success', 'iss_position': {'longitude': '125.6016', 'latitude': '7.8718'}}
2025-06-03 02:25:00,739 INFO: API response is valid according to the JSON schema.
2025-06-03 02:25:00,739 INFO: API response message is 'success'.
2025-06-03 02:25:00,739 INFO: Successfully fetched, validated and converted ISS data.
2025-06-03 02:25:00,740 INFO: Final data to be written to InfluxDB: iss_position_measurement,source=open-notify.org latitude=7.8718,longitude=125.6016 1748910300000000000
2025-06-03 02:25:00,753 INFO: Data successfully written to InfluxDB.
2025-06-03 02:26:00,768 INFO: Wakeup time: 2025-06-03 02:26:00
2025-06-03 02:26:01,132 INFO: API request was successful with status code: 200
2025-06-03 02:26:01,133 INFO: API response content is: {'timestamp': 1748910360, 'message': 'success', 'iss_position': {'longitude': '127.8253', 'latitude': '10.8902'}}
2025-06-03 02:26:01,135 INFO: API response is valid according to the JSON schema.
2025-06-03 02:26:01,136 INFO: API response message is 'success'.
2025-06-03 02:26:01,136 INFO: Successfully fetched, validated and converted ISS data.
2025-06-03 02:26:01,136 INFO: Final data to be written to InfluxDB: iss_position_measurement,source=open-notify.org latitude=10.8902,longitude=127.8253 1748910360000000000
2025-06-03 02:26:01,148 INFO: Data successfully written to InfluxDB.
2025-06-03 02:27:00,163 INFO: Wakeup time: 2025-06-03 02:27:00
2025-06-03 02:27:00,528 INFO: API request was successful with status code: 200
2025-06-03 02:27:00,528 INFO: API response content is: {'timestamp': 1748910420, 'message': 'success', 'iss_position': {'longitude': '130.0806', 'latitude': '13.8636'}}
2025-06-03 02:27:00,530 INFO: API response is valid according to the JSON schema.
2025-06-03 02:27:00,530 INFO: API response message is 'success'.
2025-06-03 02:27:00,530 INFO: Successfully fetched, validated and converted ISS data.
2025-06-03 02:27:00,530 INFO: Final data to be written to InfluxDB: iss_position_measurement,source=open-notify.org latitude=13.8636,longitude=130.0806 1748910420000000000
2025-06-03 02:27:00,541 INFO: Data successfully written to InfluxDB.
2025-06-03 02:28:00,556 INFO: Wakeup time: 2025-06-03 02:28:00
2025-06-03 02:28:12,148 INFO: API request was successful with status code: 200
2025-06-03 02:28:12,149 INFO: API response content is: {'timestamp': 1748910491, 'message': 'success', 'iss_position': {'longitude': '132.8786', 'latitude': '17.4023'}}
2025-06-03 02:28:12,151 INFO: API response is valid according to the JSON schema.
2025-06-03 02:28:12,151 INFO: API response message is 'success'.
2025-06-03 02:28:12,152 INFO: Successfully fetched, validated and converted ISS data.
2025-06-03 02:28:12,152 INFO: Final data to be written to InfluxDB: iss_position_measurement,source=open-notify.org latitude=17.4023,longitude=132.8786 1748910491000000000
2025-06-03 02:28:12,164 INFO: Data successfully written to InfluxDB.
2025-06-03 02:29:00,176 INFO: Wakeup time: 2025-06-03 02:29:00
2025-06-03 02:29:07,702 INFO: API request was successful with status code: 200
2025-06-03 02:29:07,702 INFO: API response content is: {'timestamp': 1748910547, 'message': 'success', 'iss_position': {'longitude': '135.1328', 'latitude': '20.1155'}}
2025-06-03 02:29:07,705 INFO: API response is valid according to the JSON schema.
2025-06-03 02:29:07,705 INFO: API response message is 'success'.
2025-06-03 02:29:07,705 INFO: Successfully fetched, validated and converted ISS data.
2025-06-03 02:29:07,706 INFO: Final data to be written to InfluxDB: iss_position_measurement,source=open-notify.org latitude=20.1155,longitude=135.1328 1748910547000000000
2025-06-03 02:29:07,720 INFO: Data successfully written to InfluxDB.
2025-06-03 02:30:00,734 INFO: Wakeup time: 2025-06-03 02:30:00
2025-06-03 02:32:15,961 ERROR: Failed to fetch ISS data from API: HTTPConnectionPool(host='api.open-notify.org', port=80): Max retries exceeded with url: /iss-now.json (Caused by ConnectTimeoutError(<urllib3.connection.HTTPConnection object at 0x7b8a95c97ec0>, 'Connection to api.open-notify.org timed out. (connect timeout=None)'))
2025-06-03 02:32:15,961 ERROR: Failed to fetch or validate ISS data.
2025-06-03 02:32:16,338 INFO: API request was successful with status code: 200
2025-06-03 02:32:16,339 INFO: API response content is: {'timestamp': 1748910736, 'message': 'success', 'iss_position': {'longitude': '143.5355', 'latitude': '29.0196'}}
2025-06-03 02:32:16,345 INFO: API response is valid according to the JSON schema.
2025-06-03 02:32:16,346 INFO: API response message is 'success'.
2025-06-03 02:32:16,346 INFO: Successfully fetched, validated and converted ISS data.
2025-06-03 02:32:16,347 INFO: Final data to be written to InfluxDB: iss_position_measurement,source=open-notify.org latitude=29.0196,longitude=143.5355 1748910736000000000
2025-06-03 02:32:16,391 INFO: Data successfully written to InfluxDB.
2025-06-03 02:33:00,403 INFO: Wakeup time: 2025-06-03 02:33:00
2025-06-03 02:33:36,692 INFO: API request was successful with status code: 200
2025-06-03 02:33:36,693 INFO: API response content is: {'timestamp': 1748910816, 'message': 'success', 'iss_position': {'longitude': '147.5625', 'latitude': '32.5984'}}
2025-06-03 02:33:36,695 INFO: API response is valid according to the JSON schema.
2025-06-03 02:33:36,696 INFO: API response message is 'success'.
2025-06-03 02:33:36,696 INFO: Successfully fetched, validated and converted ISS data.
2025-06-03 02:33:36,696 INFO: Final data to be written to InfluxDB: iss_position_measurement,source=open-notify.org latitude=32.5984,longitude=147.5625 1748910816000000000
2025-06-03 02:33:36,711 INFO: Data successfully written to InfluxDB.
2025-06-03 02:34:00,718 INFO: Wakeup time: 2025-06-03 02:34:00
2025-06-03 02:34:05,286 INFO: API request was successful with status code: 200
2025-06-03 02:34:05,286 INFO: API response content is: {'timestamp': 1748910844, 'message': 'success', 'iss_position': {'longitude': '149.0799', 'latitude': '33.8358'}}
2025-06-03 02:34:05,288 INFO: API response is valid according to the JSON schema.
2025-06-03 02:34:05,289 INFO: API response message is 'success'.
2025-06-03 02:34:05,289 INFO: Successfully fetched, validated and converted ISS data.
2025-06-03 02:34:05,290 INFO: Final data to be written to InfluxDB: iss_position_measurement,source=open-notify.org latitude=33.8358,longitude=149.0799 1748910844000000000
2025-06-03 02:34:05,302 INFO: Data successfully written to InfluxDB.
2025-06-03 02:35:00,315 INFO: Wakeup time: 2025-06-03 02:35:00
2025-06-03 02:35:00,679 INFO: API request was successful with status code: 200
2025-06-03 02:35:00,679 INFO: API response content is: {'timestamp': 1748910900, 'message': 'success', 'iss_position': {'longitude': '152.1744', 'latitude': '36.1801'}}
2025-06-03 02:35:00,682 INFO: API response is valid according to the JSON schema.
2025-06-03 02:35:00,682 INFO: API response message is 'success'.
2025-06-03 02:35:00,682 INFO: Successfully fetched, validated and converted ISS data.
2025-06-03 02:35:00,683 INFO: Final data to be written to InfluxDB: iss_position_measurement,source=open-notify.org latitude=36.1801,longitude=152.1744 1748910900000000000
2025-06-03 02:35:00,695 INFO: Data successfully written to InfluxDB.
2025-06-03 02:36:00,710 INFO: Wakeup time: 2025-06-03 02:36:00
2025-06-03 02:36:01,079 INFO: API request was successful with status code: 200
2025-06-03 02:36:01,079 INFO: API response content is: {'timestamp': 1748910960, 'message': 'success', 'iss_position': {'longitude': '155.7467', 'latitude': '38.6041'}}
2025-06-03 02:36:01,082 INFO: API response is valid according to the JSON schema.
2025-06-03 02:36:01,082 INFO: API response message is 'success'.
2025-06-03 02:36:01,082 INFO: Successfully fetched, validated and converted ISS data.
2025-06-03 02:36:01,083 INFO: Final data to be written to InfluxDB: iss_position_measurement,source=open-notify.org latitude=38.6041,longitude=155.7467 1748910960000000000
2025-06-03 02:36:01,095 INFO: Data successfully written to InfluxDB.
2025-06-03 02:37:00,109 INFO: Wakeup time: 2025-06-03 02:37:00
2025-06-03 02:37:11,667 INFO: API request was successful with status code: 200
2025-06-03 02:37:11,668 INFO: API response content is: {'timestamp': 1748911031, 'message': 'success', 'iss_position': {'longitude': '160.2786', 'latitude': '41.2809'}}
2025-06-03 02:37:11,670 INFO: API response is valid according to the JSON schema.
2025-06-03 02:37:11,670 INFO: API response message is 'success'.
2025-06-03 02:37:11,671 INFO: Successfully fetched, validated and converted ISS data.
2025-06-03 02:37:11,671 INFO: Final data to be written to InfluxDB: iss_position_measurement,source=open-notify.org latitude=41.2809,longitude=160.2786 1748911031000000000
2025-06-03 02:37:11,684 INFO: Data successfully written to InfluxDB.
2025-06-03 02:38:00,697 INFO: Wakeup time: 2025-06-03 02:38:00
2025-06-03 02:38:08,244 INFO: API request was successful with status code: 200
2025-06-03 02:38:08,244 INFO: API response content is: {'timestamp': 1748911087, 'message': 'success', 'iss_position': {'longitude': '164.1946', 'latitude': '43.2701'}}
2025-06-03 02:38:08,246 INFO: API response is valid according to the JSON schema.
2025-06-03 02:38:08,247 INFO: API response message is 'success'.
2025-06-03 02:38:08,247 INFO: Successfully fetched, validated and converted ISS data.
2025-06-03 02:38:08,247 INFO: Final data to be written to InfluxDB: iss_position_measurement,source=open-notify.org latitude=43.2701,longitude=164.1946 1748911087000000000
2025-06-03 02:38:08,261 INFO: Data successfully written to InfluxDB.
2025-06-03 02:39:00,275 INFO: Wakeup time: 2025-06-03 02:39:00
2025-06-03 02:39:11,861 INFO: API request was successful with status code: 200
2025-06-03 02:39:11,861 INFO: API response content is: {'timestamp': 1748911151, 'message': 'success', 'iss_position': {'longitude': '168.9177', 'latitude': '45.3136'}}
2025-06-03 02:39:11,864 INFO: API response is valid according to the JSON schema.
2025-06-03 02:39:11,864 INFO: API response message is 'success'.
2025-06-03 02:39:11,864 INFO: Successfully fetched, validated and converted ISS data.
2025-06-03 02:39:11,865 INFO: Final data to be written to InfluxDB: iss_position_measurement,source=open-notify.org latitude=45.3136,longitude=168.9177 1748911151000000000
2025-06-03 02:39:11,879 INFO: Data successfully written to InfluxDB.
2025-06-03 02:40:00,892 INFO: Wakeup time: 2025-06-03 02:40:00
2025-06-03 02:40:01,254 INFO: API request was successful with status code: 200
2025-06-03 02:40:01,255 INFO: API response content is: {'timestamp': 1748911200, 'message': 'success', 'iss_position': {'longitude': '172.8431', 'latitude': '46.7465'}}
2025-06-03 02:40:01,257 INFO: API response is valid according to the JSON schema.
2025-06-03 02:40:01,257 INFO: API response message is 'success'.
2025-06-03 02:40:01,258 INFO: Successfully fetched, validated and converted ISS data.
2025-06-03 02:40:01,258 INFO: Final data to be written to InfluxDB: iss_position_measurement,source=open-notify.org latitude=46.7465,longitude=172.8431 1748911200000000000
2025-06-03 02:40:01,271 INFO: Data successfully written to InfluxDB.
2025-06-03 02:41:00,286 INFO: Wakeup time: 2025-06-03 02:41:00
2025-06-03 02:41:11,926 INFO: API request was successful with status code: 200
2025-06-03 02:41:11,927 INFO: API response content is: {'timestamp': 1748911271, 'message': 'success', 'iss_position': {'longitude': '178.8002', 'latitude': '48.5130'}}
2025-06-03 02:41:11,933 INFO: API response is valid according to the JSON schema.
2025-06-03 02:41:11,934 INFO: API response message is 'success'.
2025-06-03 02:41:11,934 INFO: Successfully fetched, validated and converted ISS data.
2025-06-03 02:41:11,935 INFO: Final data to be written to InfluxDB: iss_position_measurement,source=open-notify.org latitude=48.513,longitude=178.8002 1748911271000000000
2025-06-03 02:41:11,944 INFO: Data successfully written to InfluxDB.
2025-06-03 02:42:00,955 INFO: Wakeup time: 2025-06-03 02:42:00
2025-06-03 02:42:01,318 INFO: API request was successful with status code: 200
2025-06-03 02:42:01,318 INFO: API response content is: {'timestamp': 1748911321, 'message': 'success', 'iss_position': {'longitude': '-176.7728', 'latitude': '49.5396'}}
2025-06-03 02:42:01,321 INFO: API response is valid according to the JSON schema.
2025-06-03 02:42:01,321 INFO: API response message is 'success'.
2025-06-03 02:42:01,321 INFO: Successfully fetched, validated and converted ISS data.
2025-06-03 02:42:01,322 INFO: Final data to be written to InfluxDB: iss_position_measurement,source=open-notify.org latitude=49.5396,longitude=-176.7728 1748911321000000000
2025-06-03 02:42:01,333 INFO: Data successfully written to InfluxDB.
2025-06-03 02:43:00,348 INFO: Wakeup time: 2025-06-03 02:43:00
2025-06-03 02:43:20,376 INFO: API request was successful with status code: 200
2025-06-03 02:43:20,376 INFO: API response content is: {'timestamp': 1748911400, 'message': 'success', 'iss_position': {'longitude': '-169.3463', 'latitude': '50.7736'}}
2025-06-03 02:43:20,379 INFO: API response is valid according to the JSON schema.
2025-06-03 02:43:20,379 INFO: API response message is 'success'.
2025-06-03 02:43:20,379 INFO: Successfully fetched, validated and converted ISS data.
2025-06-03 02:43:20,380 INFO: Final data to be written to InfluxDB: iss_position_measurement,source=open-notify.org latitude=50.7736,longitude=-169.3463 1748911400000000000
2025-06-03 02:43:20,392 INFO: Data successfully written to InfluxDB.
2025-06-03 02:44:00,402 INFO: Wakeup time: 2025-06-03 02:44:00
2025-06-03 02:44:00,768 INFO: API request was successful with status code: 200
2025-06-03 02:44:00,768 INFO: API response content is: {'timestamp': 1748911440, 'message': 'success', 'iss_position': {'longitude': '-165.4512', 'latitude': '51.1953'}}
2025-06-03 02:44:00,771 INFO: API response is valid according to the JSON schema.
2025-06-03 02:44:00,771 INFO: API response message is 'success'.
2025-06-03 02:44:00,771 INFO: Successfully fetched, validated and converted ISS data.
2025-06-03 02:44:00,772 INFO: Final data to be written to InfluxDB: iss_position_measurement,source=open-notify.org latitude=51.1953,longitude=-165.4512 1748911440000000000
2025-06-03 02:44:00,785 INFO: Data successfully written to InfluxDB.
